2022-12-08 00:09:21.622  INFO 13708 --- [restartedMain] r.AracKiralamaPortaliApplication         : Starting AracKiralamaPortaliApplication using Java 17.0.4.1 on DESKTOP-8A0EDQK with PID 13708 (C:\Users\melih\IdeaProjects\AracKiralamaPortali\target\classes started by melih in C:\Users\melih\IdeaProjects\AracKiralamaPortali)
2022-12-08 00:09:21.627  INFO 13708 --- [restartedMain] r.AracKiralamaPortaliApplication         : No active profile set, falling back to 1 default profile: "default"
2022-12-08 00:09:21.660  INFO 13708 --- [restartedMain] .e.DevToolsPropertyDefaultsPostProcessor : Devtools property defaults active! Set 'spring.devtools.add-properties' to 'false' to disable
2022-12-08 00:09:21.660  INFO 13708 --- [restartedMain] .e.DevToolsPropertyDefaultsPostProcessor : For additional web related logging consider setting the 'logging.level.web' property to 'DEBUG'
2022-12-08 00:09:22.288  INFO 13708 --- [restartedMain] .s.d.r.c.RepositoryConfigurationDelegate : Bootstrapping Spring Data JPA repositories in DEFAULT mode.
2022-12-08 00:09:22.334  INFO 13708 --- [restartedMain] .s.d.r.c.RepositoryConfigurationDelegate : Finished Spring Data repository scanning in 40 ms. Found 4 JPA repository interfaces.
2022-12-08 00:09:22.732  INFO 13708 --- [restartedMain] o.s.b.w.embedded.tomcat.TomcatWebServer  : Tomcat initialized with port(s): 8080 (http)
2022-12-08 00:09:22.739  INFO 13708 --- [restartedMain] o.apache.catalina.core.StandardService   : Starting service [Tomcat]
2022-12-08 00:09:22.739  INFO 13708 --- [restartedMain] org.apache.catalina.core.StandardEngine  : Starting Servlet engine: [Apache Tomcat/9.0.65]
2022-12-08 00:09:22.812  INFO 13708 --- [restartedMain] o.a.c.c.C.[Tomcat].[localhost].[/]       : Initializing Spring embedded WebApplicationContext
2022-12-08 00:09:22.812  INFO 13708 --- [restartedMain] w.s.c.ServletWebServerApplicationContext : Root WebApplicationContext: initialization completed in 1152 ms
2022-12-08 00:09:22.890  INFO 13708 --- [restartedMain] com.zaxxer.hikari.HikariDataSource       : HikariPool-1 - Starting...
2022-12-08 00:09:23.064  INFO 13708 --- [restartedMain] com.zaxxer.hikari.HikariDataSource       : HikariPool-1 - Start completed.
2022-12-08 00:09:23.072  INFO 13708 --- [restartedMain] o.s.b.a.h2.H2ConsoleAutoConfiguration    : H2 console available at '/h2-console'. Database available at 'jdbc:h2:file:./memory_persist/denemedb'
2022-12-08 00:09:23.163  INFO 13708 --- [restartedMain] o.hibernate.jpa.internal.util.LogHelper  : HHH000204: Processing PersistenceUnitInfo [name: default]
2022-12-08 00:09:23.208  INFO 13708 --- [restartedMain] org.hibernate.Version                    : HHH000412: Hibernate ORM core version 5.6.11.Final
2022-12-08 00:09:23.326  INFO 13708 --- [restartedMain] o.hibernate.annotations.common.Version   : HCANN000001: Hibernate Commons Annotations {5.1.2.Final}
2022-12-08 00:09:23.405  INFO 13708 --- [restartedMain] org.hibernate.dialect.Dialect            : HHH000400: Using dialect: org.hibernate.dialect.H2Dialect
2022-12-08 00:09:23.953  INFO 13708 --- [restartedMain] o.h.e.t.j.p.i.JtaPlatformInitiator       : HHH000490: Using JtaPlatform implementation: [org.hibernate.engine.transaction.jta.platform.internal.NoJtaPlatform]
2022-12-08 00:09:23.959  INFO 13708 --- [restartedMain] j.LocalContainerEntityManagerFactoryBean : Initialized JPA EntityManagerFactory for persistence unit 'default'
2022-12-08 00:09:24.347  WARN 13708 --- [restartedMain] JpaBaseConfiguration$JpaWebConfiguration : spring.jpa.open-in-view is enabled by default. Therefore, database queries may be performed during view rendering. Explicitly configure spring.jpa.open-in-view to disable this warning
2022-12-08 00:09:24.783  WARN 13708 --- [restartedMain] ion$DefaultTemplateResolverConfiguration : Cannot find template location: classpath:/templates/ (please add some templates, check your Thymeleaf configuration, or set spring.thymeleaf.check-template-location=false)
2022-12-08 00:09:25.125  INFO 13708 --- [restartedMain] o.s.b.d.a.OptionalLiveReloadServer       : LiveReload server is running on port 35729
2022-12-08 00:09:25.132  INFO 13708 --- [restartedMain] o.s.b.a.e.web.EndpointLinksResolver      : Exposing 1 endpoint(s) beneath base path '/actuator'
2022-12-08 00:09:25.186  INFO 13708 --- [restartedMain] o.s.b.w.embedded.tomcat.TomcatWebServer  : Tomcat started on port(s): 8080 (http) with context path ''
2022-12-08 00:09:25.205  INFO 13708 --- [restartedMain] r.AracKiralamaPortaliApplication         : Started AracKiralamaPortaliApplication in 3.826 seconds (JVM running for 4.371)
2022-12-08 00:09:25.473  INFO 13708 --- [RMI TCP Connection(6)-192.168.1.33] o.a.c.c.C.[Tomcat].[localhost].[/]       : Initializing Spring DispatcherServlet 'dispatcherServlet'
2022-12-08 00:09:25.473  INFO 13708 --- [RMI TCP Connection(6)-192.168.1.33] o.s.web.servlet.DispatcherServlet        : Initializing Servlet 'dispatcherServlet'
2022-12-08 00:09:25.474  INFO 13708 --- [RMI TCP Connection(6)-192.168.1.33] o.s.web.servlet.DispatcherServlet        : Completed initialization in 1 ms
2022-12-08 00:11:11.582  INFO 13708 --- [SpringApplicationShutdownHook] j.LocalContainerEntityManagerFactoryBean : Closing JPA EntityManagerFactory for persistence unit 'default'
2022-12-08 00:11:11.585  INFO 13708 --- [SpringApplicationShutdownHook] com.zaxxer.hikari.HikariDataSource       : HikariPool-1 - Shutdown initiated...
2022-12-08 00:11:11.586  INFO 13708 --- [SpringApplicationShutdownHook] com.zaxxer.hikari.HikariDataSource       : HikariPool-1 - Shutdown completed.
